Using pre-set license
Built from '2021.3/release' branch; Version is '2021.3.27f1 (ca3ffb99bcc6) revision 13254651'; Using compiler version '192829333'; Build Type 'Release'
OS: 'Windows 11  (10.0.22621) 64bit Core' Language: 'ko' Physical Memory: 65446 MB
BatchMode: 1, IsHumanControllingUs: 0, StartBugReporterOnCrash: 0, Is64bit: 1, IsPro: 1

COMMAND LINE ARGUMENTS:
C:\Program Files\Unity\Hub\Editor\2021.3.27f1\Editor\Unity.exe
-adb2
-batchMode
-noUpm
-name
AssetImportWorker2
-projectPath
C:/Users/Erin/Documents/GitHub/TPS-Shooting/TPS
-logFile
Logs/AssetImportWorker2.log
-srvPort
2769
Successfully changed project path to: C:/Users/Erin/Documents/GitHub/TPS-Shooting/TPS
C:/Users/Erin/Documents/GitHub/TPS-Shooting/TPS
[UnityMemory] Configuration Parameters - Can be set up in boot.config
    "memorysetup-bucket-allocator-granularity=16"
    "memorysetup-bucket-allocator-bucket-count=8"
    "memorysetup-bucket-allocator-block-size=33554432"
    "memorysetup-bucket-allocator-block-count=8"
    "memorysetup-main-allocator-block-size=16777216"
    "memorysetup-thread-allocator-block-size=16777216"
    "memorysetup-gfx-main-allocator-block-size=16777216"
    "memorysetup-gfx-thread-allocator-block-size=16777216"
    "memorysetup-cache-allocator-block-size=4194304"
    "memorysetup-typetree-allocator-block-size=2097152"
    "memorysetup-profiler-bucket-allocator-granularity=16"
    "memorysetup-profiler-bucket-allocator-bucket-count=8"
    "memorysetup-profiler-bucket-allocator-block-size=33554432"
    "memorysetup-profiler-bucket-allocator-block-count=8"
    "memorysetup-profiler-allocator-block-size=16777216"
    "memorysetup-profiler-editor-allocator-block-size=1048576"
    "memorysetup-temp-allocator-size-main=16777216"
    "memorysetup-job-temp-allocator-block-size=2097152"
    "memorysetup-job-temp-allocator-block-size-background=1048576"
    "memorysetup-job-temp-allocator-reduction-small-platforms=262144"
    "memorysetup-temp-allocator-size-background-worker=32768"
    "memorysetup-temp-allocator-size-job-worker=262144"
    "memorysetup-temp-allocator-size-preload-manager=33554432"
    "memorysetup-temp-allocator-size-nav-mesh-worker=65536"
    "memorysetup-temp-allocator-size-audio-worker=65536"
    "memorysetup-temp-allocator-size-cloud-worker=32768"
    "memorysetup-temp-allocator-size-gi-baking-worker=262144"
    "memorysetup-temp-allocator-size-gfx=262144"
Player connection [1744] Host "[IP] 192.168.219.105 [Port] 0 [Flags] 2 [Guid] 1714840799 [EditorId] 1714840799 [Version] 1048832 [Id] WindowsEditor(7,DESKTOP-J0UGQVK) [Debug] 1 [PackageName] WindowsEditor [ProjectName] Editor" joined multi-casting on [225.0.0.222:54997]...

Player connection [1744] Host "[IP] 192.168.219.105 [Port] 0 [Flags] 2 [Guid] 1714840799 [EditorId] 1714840799 [Version] 1048832 [Id] WindowsEditor(7,DESKTOP-J0UGQVK) [Debug] 1 [PackageName] WindowsEditor [ProjectName] Editor" joined alternative multi-casting on [225.0.0.222:34997]...

Refreshing native plugins compatible for Editor in 66.73 ms, found 3 plugins.
Preloading 0 native plugins for Editor in 0.00 ms.
Initialize engine version: 2021.3.27f1 (ca3ffb99bcc6)
[Subsystems] Discovering subsystems at path C:/Program Files/Unity/Hub/Editor/2021.3.27f1/Editor/Data/Resources/UnitySubsystems
[Subsystems] Discovering subsystems at path C:/Users/Erin/Documents/GitHub/TPS-Shooting/TPS/Assets
GfxDevice: creating device client; threaded=0; jobified=0
Direct3D:
    Version:  Direct3D 11.0 [level 11.1]
    Renderer: NVIDIA GeForce RTX 3060 Ti (ID=0x2489)
    Vendor:   NVIDIA
    VRAM:     8038 MB
    Driver:   31.0.15.3667
Initialize mono
Mono path[0] = 'C:/Program Files/Unity/Hub/Editor/2021.3.27f1/Editor/Data/Managed'
Mono path[1] = 'C:/Program Files/Unity/Hub/Editor/2021.3.27f1/Editor/Data/MonoBleedingEdge/lib/mono/unityjit-win32'
Mono config path = 'C:/Program Files/Unity/Hub/Editor/2021.3.27f1/Editor/Data/MonoBleedingEdge/etc'
Using monoOptions --debugger-agent=transport=dt_socket,embedding=1,server=y,suspend=n,address=127.0.0.1:56932
Begin MonoManager ReloadAssembly
Registering precompiled unity dll's ...
Register platform support module: C:/Program Files/Unity/Hub/Editor/2021.3.27f1/Editor/Data/PlaybackEngines/AndroidPlayer/UnityEditor.Android.Extensions.dll
Register platform support module: C:/Program Files/Unity/Hub/Editor/2021.3.27f1/Editor/Data/PlaybackEngines/WindowsStandaloneSupport/UnityEditor.WindowsStandalone.Extensions.dll
Registered in 0.003622 seconds.
Native extension for WindowsStandalone target not found
Native extension for Android target not found
Android Extension - Scanning For ADB Devices 204 ms
Refreshing native plugins compatible for Editor in 55.58 ms, found 3 plugins.
Preloading 0 native plugins for Editor in 0.00 ms.
Mono: successfully reloaded assembly
- Completed reload, in  0.710 seconds
Domain Reload Profiling:
	ReloadAssembly (710ms)
		BeginReloadAssembly (63ms)
			ExecutionOrderSort (0ms)
			DisableScriptedObjects (0ms)
			BackupInstance (0ms)
			ReleaseScriptingObjects (0ms)
			CreateAndSetChildDomain (1ms)
		EndReloadAssembly (576ms)
			LoadAssemblies (62ms)
			RebuildTransferFunctionScriptingTraits (0ms)
			SetupTypeCache (84ms)
			ReleaseScriptCaches (0ms)
			RebuildScriptCaches (19ms)
			SetupLoadedEditorAssemblies (434ms)
				LogAssemblyErrors (0ms)
				InitializePlatformSupportModulesInManaged (275ms)
				SetLoadedEditorAssemblies (0ms)
				RefreshPlugins (56ms)
				BeforeProcessingInitializeOnLoad (1ms)
				ProcessInitializeOnLoadAttributes (65ms)
				ProcessInitializeOnLoadMethodAttributes (37ms)
				AfterProcessingInitializeOnLoad (0ms)
				EditorAssembliesLoaded (0ms)
			ExecutionOrderSort2 (0ms)
			AwakeInstancesAfterBackupRestoration (0ms)
Platform modules already initialized, skipping
Registering precompiled user dll's ...
Registered in 0.003256 seconds.
Begin MonoManager ReloadAssembly
Symbol file LoadedFromMemory doesn't match image C:\Users\Erin\Documents\GitHub\TPS-Shooting\TPS\Library\PackageCache\com.unity.visualscripting@1.8.0\Editor\VisualScripting.Core\Dependencies\YamlDotNet\Unity.VisualScripting.YamlDotNet.dll
Symbol file LoadedFromMemory doesn't match image C:\Users\Erin\Documents\GitHub\TPS-Shooting\TPS\Library\PackageCache\com.unity.visualscripting@1.8.0\Editor\VisualScripting.Core\Dependencies\DotNetZip\Unity.VisualScripting.IonicZip.dll
Native extension for WindowsStandalone target not found
Native extension for Android target not found
Refreshing native plugins compatible for Editor in 0.47 ms, found 3 plugins.
Preloading 0 native plugins for Editor in 0.00 ms.
Mono: successfully reloaded assembly
- Completed reload, in  0.800 seconds
Domain Reload Profiling:
	ReloadAssembly (800ms)
		BeginReloadAssembly (87ms)
			ExecutionOrderSort (0ms)
			DisableScriptedObjects (5ms)
			BackupInstance (0ms)
			ReleaseScriptingObjects (0ms)
			CreateAndSetChildDomain (16ms)
		EndReloadAssembly (638ms)
			LoadAssemblies (61ms)
			RebuildTransferFunctionScriptingTraits (0ms)
			SetupTypeCache (243ms)
			ReleaseScriptCaches (0ms)
			RebuildScriptCaches (40ms)
			SetupLoadedEditorAssemblies (263ms)
				LogAssemblyErrors (0ms)
				InitializePlatformSupportModulesInManaged (16ms)
				SetLoadedEditorAssemblies (0ms)
				RefreshPlugins (1ms)
				BeforeProcessingInitializeOnLoad (58ms)
				ProcessInitializeOnLoadAttributes (165ms)
				ProcessInitializeOnLoadMethodAttributes (19ms)
				AfterProcessingInitializeOnLoad (5ms)
				EditorAssembliesLoaded (0ms)
			ExecutionOrderSort2 (0ms)
			AwakeInstancesAfterBackupRestoration (5ms)
Platform modules already initialized, skipping
========================================================================
Worker process is ready to serve import requests
Launched and connected shader compiler UnityShaderCompiler.exe after 0.04 seconds
Refreshing native plugins compatible for Editor in 0.91 ms, found 3 plugins.
Preloading 0 native plugins for Editor in 0.00 ms.
Unloading 3052 Unused Serialized files (Serialized files now loaded: 0)
Unloading 22 unused Assets / (46.3 KB). Loaded Objects now: 3517.
Memory consumption went from 112.2 MB to 112.2 MB.
Total: 3.082100 ms (FindLiveObjects: 0.287300 ms CreateObjectMapping: 0.132100 ms MarkObjects: 2.579400 ms  DeleteObjects: 0.082500 ms)

AssetImportParameters requested are different than current active one (requested -> active):
  custom:video-decoder-ogg-theora: a1e56fd34408186e4bbccfd4996cb3dc -> 
  custom:container-muxer-webm: aa71ff27fc2769a1b78a27578f13a17b -> 
  custom:container-demuxer-webm: 4f35f7cbe854078d1ac9338744f61a02 -> 
  custom:video-encoder-webm-vp8: eb34c28f22e8b96e1ab97ce403110664 -> 
  custom:audio-encoder-webm-vorbis: bf7c407c2cedff20999df2af8eb42d56 -> 
  custom:framework-win-MediaFoundation: 216162199b28c13a410421893ffa2e32 -> 
  custom:container-demuxer-ogg: 62fdf1f143b41e24485cea50d1cbac27 -> 
  custom:video-decoder-webm-vp8: 9c59270c3fd7afecdb556c50c9e8de78 -> 
  custom:audio-decoder-ogg-vorbis: bf7c407c2cedff20999df2af8eb42d56 -> 
========================================================================
Received Import Request.
  Time since last request: 5239.715567 seconds.
  path: Assets/04.Images/Stages/Materials/floor.mat
  artifactKey: Guid(fe1a677156b6e784e94c9f9758879612) Importer(815301076,1909f56bfc062723c751e8b465ee728b)
Start importing Assets/04.Images/Stages/Materials/floor.mat using Guid(fe1a677156b6e784e94c9f9758879612) Importer(815301076,1909f56bfc062723c751e8b465ee728b)  -> (artifact id: '7222033ff18fab22e703a676b5c04826') in 0.079277 seconds 
========================================================================
Received Import Request.
  Time since last request: 447.296097 seconds.
  path: Assets/03.Prefabs/Wall.prefab
  artifactKey: Guid(d7ceb50fbd79f6141a3bfb444341efdb) Importer(815301076,1909f56bfc062723c751e8b465ee728b)
Start importing Assets/03.Prefabs/Wall.prefab using Guid(d7ceb50fbd79f6141a3bfb444341efdb) Importer(815301076,1909f56bfc062723c751e8b465ee728b)  -> (artifact id: 'afcbb318d5ea4ad3aab599b843389291') in 0.080184 seconds 
========================================================================
Received Import Request.
  Time since last request: 1321.029007 seconds.
  path: Assets/03.Prefabs/New Lighting Settings.lighting
  artifactKey: Guid(7e32576e771646342999e8eaa8bc0f63) Importer(815301076,1909f56bfc062723c751e8b465ee728b)
Start importing Assets/03.Prefabs/New Lighting Settings.lighting using Guid(7e32576e771646342999e8eaa8bc0f63) Importer(815301076,1909f56bfc062723c751e8b465ee728b)  -> (artifact id: '2f191d20b665365f4ca64b67ed279f1a') in 0.010245 seconds 
========================================================================
Received Import Request.
  Time since last request: 32.958314 seconds.
  path: Assets/04.Images/Stages/Materials/floor.mat
  artifactKey: Guid(fe1a677156b6e784e94c9f9758879612) Importer(815301076,1909f56bfc062723c751e8b465ee728b)
Start importing Assets/04.Images/Stages/Materials/floor.mat using Guid(fe1a677156b6e784e94c9f9758879612) Importer(815301076,1909f56bfc062723c751e8b465ee728b)  -> (artifact id: '00e2b58d2f78572c907382ec7ed7afdc') in 0.014929 seconds 
========================================================================
Received Import Request.
  Time since last request: 25.025154 seconds.
  path: Assets/04.Images/Stages/Materials
  artifactKey: Guid(d28355d4eee114c4ca1f6959768ddf3f) Importer(815301076,1909f56bfc062723c751e8b465ee728b)
Start importing Assets/04.Images/Stages/Materials using Guid(d28355d4eee114c4ca1f6959768ddf3f) Importer(815301076,1909f56bfc062723c751e8b465ee728b)  -> (artifact id: '901f7433e415edf6ba9591cacaac4bda') in 0.006819 seconds 
========================================================================
Received Import Request.
  Time since last request: 14.121713 seconds.
  path: Assets/04.Images/Stages/Materials/SkyBox.mat
  artifactKey: Guid(9708b06a9f8f4e64f8b2b8e962b12bed) Importer(815301076,1909f56bfc062723c751e8b465ee728b)
Start importing Assets/04.Images/Stages/Materials/SkyBox.mat using Guid(9708b06a9f8f4e64f8b2b8e962b12bed) Importer(815301076,1909f56bfc062723c751e8b465ee728b)  -> (artifact id: '8eb789e9580265658a3ae89630eefc2a') in 0.015004 seconds 
========================================================================
Received Import Request.
  Time since last request: 32.425424 seconds.
  path: Assets/04.Images/SkyBox Volume 2/DeepSpaceBlueWithPlanet
  artifactKey: Guid(048aa8acd13848843aab847d3a1b2366) Importer(815301076,1909f56bfc062723c751e8b465ee728b)
Start importing Assets/04.Images/SkyBox Volume 2/DeepSpaceBlueWithPlanet using Guid(048aa8acd13848843aab847d3a1b2366) Importer(815301076,1909f56bfc062723c751e8b465ee728b)  -> (artifact id: '659209159158c5edebc083b4baa4b223') in 0.007435 seconds 
========================================================================
Received Import Request.
  Time since last request: 0.860401 seconds.
  path: Assets/04.Images/SkyBox Volume 2/DeepSpaceGreen
  artifactKey: Guid(a276db392cdcd8742ae95c3a86603bd9) Importer(815301076,1909f56bfc062723c751e8b465ee728b)
Start importing Assets/04.Images/SkyBox Volume 2/DeepSpaceGreen using Guid(a276db392cdcd8742ae95c3a86603bd9) Importer(815301076,1909f56bfc062723c751e8b465ee728b)  -> (artifact id: 'c5cd484f10afa8784633dcf6b3edda74') in 0.008281 seconds 
========================================================================
Received Import Request.
  Time since last request: 1.654758 seconds.
  path: Assets/04.Images/SkyBox Volume 2/DeepSpaceBlue
  artifactKey: Guid(0b69a15b1227a824ab62a608fab621c3) Importer(815301076,1909f56bfc062723c751e8b465ee728b)
Start importing Assets/04.Images/SkyBox Volume 2/DeepSpaceBlue using Guid(0b69a15b1227a824ab62a608fab621c3) Importer(815301076,1909f56bfc062723c751e8b465ee728b)  -> (artifact id: 'dc5eb2f0f00cb5fad9ab1bb9adef0e62') in 0.007573 seconds 
========================================================================
Received Import Request.
  Time since last request: 1.479140 seconds.
  path: Assets/04.Images/SkyBox Volume 2/DeepSpaceBlueWithPlanet/backImage.png
  artifactKey: Guid(04550512a36deb34887e513ee0f31545) Importer(815301076,1909f56bfc062723c751e8b465ee728b)
Start importing Assets/04.Images/SkyBox Volume 2/DeepSpaceBlueWithPlanet/backImage.png using Guid(04550512a36deb34887e513ee0f31545) Importer(815301076,1909f56bfc062723c751e8b465ee728b)  -> (artifact id: '6f9cc8656ffdf48e0be25a4888a533a2') in 0.020738 seconds 
========================================================================
Received Import Request.
  Time since last request: 0.000014 seconds.
  path: Assets/04.Images/SkyBox Volume 2/DeepSpaceBlueWithPlanet/upImage.png
  artifactKey: Guid(5c4046e19400c9f44961b6350406ae65) Importer(815301076,1909f56bfc062723c751e8b465ee728b)
Start importing Assets/04.Images/SkyBox Volume 2/DeepSpaceBlueWithPlanet/upImage.png using Guid(5c4046e19400c9f44961b6350406ae65) Importer(815301076,1909f56bfc062723c751e8b465ee728b)  -> (artifact id: 'e6ed0f86819ed9d993712b6bf9505ee7') in 0.012014 seconds 
========================================================================
Received Import Request.
  Time since last request: 0.000016 seconds.
  path: Assets/04.Images/SkyBox Volume 2/DeepSpaceBlueWithPlanet/leftImage.png
  artifactKey: Guid(0373ee03f989db143826ef682bb33f93) Importer(815301076,1909f56bfc062723c751e8b465ee728b)
Start importing Assets/04.Images/SkyBox Volume 2/DeepSpaceBlueWithPlanet/leftImage.png using Guid(0373ee03f989db143826ef682bb33f93) Importer(815301076,1909f56bfc062723c751e8b465ee728b)  -> (artifact id: '35e47d2169ee8ba024188cf43b86838f') in 0.012479 seconds 
========================================================================
Received Import Request.
  Time since last request: 0.000015 seconds.
  path: Assets/04.Images/SkyBox Volume 2/DeepSpaceBlueWithPlanet/rightImage.png
  artifactKey: Guid(ba628713edc8c9246ae86c79210da921) Importer(815301076,1909f56bfc062723c751e8b465ee728b)
Start importing Assets/04.Images/SkyBox Volume 2/DeepSpaceBlueWithPlanet/rightImage.png using Guid(ba628713edc8c9246ae86c79210da921) Importer(815301076,1909f56bfc062723c751e8b465ee728b)  -> (artifact id: 'ff55aa75cc07a9d7fddb40ee94785345') in 0.013912 seconds 
Editor requested this worker to shutdown with reason: Scaling down because of idle timeout
AssetImportWorker is now disconnected from the server
Process exiting
Exiting without the bug reporter. Application will terminate with return code 0